
 JWH_SAX_30_050906.10042.10042.2.out
 TurboSEQUEST v.27 (rev. 12), (c) 1998-2005
 Molecular Biotechnology, Univ. of Washington, J.Eng/S.Morgan/J.Yates
 Licensed to ThermoFinnigan Corp.
 09/11/2005, 04:47 AM, 2.4 sec. on CIS-P
 (M+H)+ mass = 2073.83300 ~ 3.0000 (+2), fragment tol = 1.0000, AVG/MONO
 total inten = 3500.6, lowest Sp = 79.6, # matched peptides = 31873
 # amino acids = 19227160, # proteins = 42023, D:\database\ipi.MOUSE.v3.00.1.fasta
 ion series nABY ABCDVWXYZ: 0 1 1 0.0 1.0 0.0 0.0 0.0 0.0 0.0 1.0 0.0
 display top 10/5, ion % = 0.0, CODE = 101020
 (STY* +79.96633) (M# +15.99492) C=160.16523  Enzyme:Trypsin(KR) (1)

  #   Rank/Sp      Id#     (M+H)+    deltCn   XCorr    Sp    Ions  Reference                                                                            Peptide
 ---  --------  --------  --------   ------  ------   -----  ----  ---------                                                                            -------
  1.   1 /  1      25024 2073.93749  0.0000  5.5571  1072.4  41/54  IPI:IPI00396671.1|TREMBL:Q6NV71;Q6P542;Q99K92|REFSEQ_NP:NP_038882|ENSEMBL:ENSMU      K.SKPAAADS*EGEEEEEDTAK.E
  2.   2 /  4      25024 2073.93749  0.4156  3.2475   236.0  25/54  IPI:IPI00396671.1|TREMBL:Q6NV71;Q6P542;Q99K92|REFSEQ_NP:NP_038882|ENSEMBL:ENSM       K.SKPAAADSEGEEEEEDT*AK.E
  3.   3 /  2      25024 2073.93749  0.4322  3.1553   451.1  31/54  IPI:IPI00396671.1|TREMBL:Q6NV71;Q6P542;Q99K92|REFSEQ_NP:NP_038882|ENSEMBL:ENSM       K.S*KPAAADSEGEEEEEDTAK.E
  4.   4 / 47       3326 2075.01838  0.6270  2.0727   115.6  17/51  IPI:IPI00118428.1|SWISS-PROT:Q08274|TREMBL:Q8K0I9|REFSEQ_NP:NP_034188|ENSEMBL:       K.AFTDEETEAQAGQAS*WPR.S
  5.   5 / 80      26283 2075.16581  0.6675  1.8477   101.0  18/80  IPI:IPI00405002.2|TREMBL:Q8K401;Q9D2F3;Q80TM5|REFSEQ_XP:XP_125517|ENSEMBL:ENSM       R.LLQPVIVS*PS*GT*ILRLK.G
  6.   6 / 74      13915 2076.25771  0.6711  1.8277   102.8  12/36  IPI:IPI00225681.1|TREMBL:Q8BV57|REFSEQ_NP:NP_766596|ENSEMBL:ENSMUSP00000052126       R.LADGPHGCAGRLEVWHSGR.W
  7.   7 / 54       7131 2073.25076  0.6740  1.8114   110.3  16/56  IPI:IPI00127858.1|TREMBL:O35192|REFSEQ_NP:NP_033519|ENSEMBL:ENSMUSP00000076874  +21  R.MWEPPILQRIWIT*T*K.Q
                    7391  IPI:IPI00128487.1|TREMBL:O35202|RE
                   21347  IPI:IPI00343349.3|REFSEQ_XP:XP_133
                   23604  IPI:IPI00378982.2|REFSEQ_XP:XP_355
                   23801  IPI:IPI00379600.2|REFSEQ_XP:XP_357
                   25231  IPI:IPI00400160.2|ENSEMBL:ENSMUSP0
                   30411  IPI:IPI00458650.1|REFSEQ_XP:XP_485
                   30415  IPI:IPI00458654.1|REFSEQ_XP:XP_485
                   34090  IPI:IPI00462833.1|REFSEQ_XP:XP_486
                   35729  IPI:IPI00465757.1|ENSEMBL:ENSMUSP0
                   35792  IPI:IPI00465828.1|ENSEMBL:ENSMUSP0
                   36120  IPI:IPI00466227.1|ENSEMBL:ENSMUSP0
                   36344  IPI:IPI00466508.1|ENSEMBL:ENSMUSP0
                   36979  IPI:IPI00467256.1|ENSEMBL:ENSMUSP0
                   37446  IPI:IPI00467822.1|ENSEMBL:ENSMUSP0
                   38145  IPI:IPI00468656.1|ENSEMBL:ENSMUSP0
                   38443  IPI:IPI00469016.1|ENSEMBL:ENSMUSP0
                   39165  IPI:IPI00469866.1|ENSEMBL:ENSMUSP0
                   39451  IPI:IPI00470210.1|ENSEMBL:ENSMUSP0
                   39946  IPI:IPI00473350.1|ENSEMBL:ENSMUSP0
                   40582  IPI:IPI00473986.1|ENSEMBL:ENSMUSP0
                   40841  IPI:IPI00474245.1|TREMBL:O35193 Ta
  8.   8 /  3      38245 2073.02220  0.6749  1.8065   288.4  26/75  IPI:IPI00468783.1|REFSEQ_XP:XP_486432|ENSEMBL:ENSMUSP00000073483                     R.WVPVPVET*PS*T*ITLHR.Q
  9.   9 / 99       3326 2075.01838  0.6806  1.7748    96.1  16/51  IPI:IPI00118428.1|SWISS-PROT:Q08274|TREMBL:Q8K0I9|REFSEQ_NP:NP_034188|ENSEMBL:       K.AFTDEET*EAQAGQASWPR.S
 10.  10 / 29      15363 2073.21737  0.6825  1.7642   131.3  19/60  IPI:IPI00229285.1|TREMBL:Q8CFE1|ENSEMBL:ENSMUSP00000063900                      +1   R.AAAGAKAVS*QAMDGM#SPLGSR.Q
                   23657  IPI:IPI00379127.2|TREMBL:Q8C753|RE

  1.      25024  IPI:IPI00396671.1|TREMBL:Q6NV71;Q6P542;Q99K92|REFSEQ_NP:NP_038882|ENSEMBL:ENSM
  2.      25024  IPI:IPI00396671.1|TREMBL:Q6NV71;Q6P542;Q99K92|REFSEQ_NP:NP_038882|ENSEMBL:ENS
  3.      25024  IPI:IPI00396671.1|TREMBL:Q6NV71;Q6P542;Q99K92|REFSEQ_NP:NP_038882|ENSEMBL:ENS
  4.       3326  IPI:IPI00118428.1|SWISS-PROT:Q08274|TREMBL:Q8K0I9|REFSEQ_NP:NP_034188|ENSEMBL
  5.      26283  IPI:IPI00405002.2|TREMBL:Q8K401;Q9D2F3;Q80TM5|REFSEQ_XP:XP_125517|ENSEMBL:ENS



